warning: Git tree '/home/oxce5/hydenix' is dirty
building the system configuration...
warning: Git tree '/home/oxce5/hydenix' is dirty
these 8 derivations will be built:
  /nix/store/kh4zprrz1pimvarx7g19lfyjq926cp5j-check-link-targets.sh.drv
  /nix/store/2iyhib9xwza24f2m923n7xkz2hm3h2jq-activation-script.drv
  /nix/store/xqk3jibxk7mcms6xf05zk4wv7v3gab04-home-manager-files.drv
  /nix/store/vsvg8wydi14w1qh8lpnf2rlr55773psd-home-manager-generation.drv
  /nix/store/wy19y1ixaii5k0r859q150nd5xan4i9p-unit-home-manager-oxce5.service.drv
  /nix/store/wf76sasq7g10r379085bqviaabbwp8r1-system-units.drv
  /nix/store/rjayc1xz6vrs5cd5rk21r05qx4hw3s48-etc.drv
  /nix/store/3y97j1rx4man0rk6v9a8smv4amd9b5nm-nixos-system-hydenix-25.05.20250403.2bfc080.drv
building '/nix/store/xqk3jibxk7mcms6xf05zk4wv7v3gab04-home-manager-files.drv'...
building '/nix/store/kh4zprrz1pimvarx7g19lfyjq926cp5j-check-link-targets.sh.drv'...
building '/nix/store/2iyhib9xwza24f2m923n7xkz2hm3h2jq-activation-script.drv'...
building '/nix/store/vsvg8wydi14w1qh8lpnf2rlr55773psd-home-manager-generation.drv'...
building '/nix/store/wy19y1ixaii5k0r859q150nd5xan4i9p-unit-home-manager-oxce5.service.drv'...
building '/nix/store/wf76sasq7g10r379085bqviaabbwp8r1-system-units.drv'...
building '/nix/store/rjayc1xz6vrs5cd5rk21r05qx4hw3s48-etc.drv'...
building '/nix/store/3y97j1rx4man0rk6v9a8smv4amd9b5nm-nixos-system-hydenix-25.05.20250403.2bfc080.drv'...
activating the configuration...
setting up /etc...
reloading user units for oxce5...
restarting sysinit-reactivation.target
the following new units were started: sysinit-reactivation.target, systemd-hostnamed.service, systemd-tmpfiles-resetup.service
Done. The new configuration is /nix/store/vqiifx24d40r37l55yaswi4g03d73bas-nixos-system-hydenix-25.05.20250403.2bfc080
